\BOOKMARK [1][-]{chapter*.1}{\376\377\000I\000N\000T\000R\000O\000D\000U\000C\000C\000I\000\323\000N\000\040}{}% 1
\BOOKMARK [1][-]{chapter*.1}{\376\377\000P\000r\000e\000s\000e\000n\000t\000a\000c\000i\000\363\000n\000\040\000d\000e\000l\000\040\000t\000e\000m\000a\000\040\000d\000e\000\040\000i\000n\000v\000e\000s\000t\000i\000g\000a\000c\000i\000\363\000n\000\040}{}% 2
\BOOKMARK [1][-]{chapter*.1}{\376\377\000\040\000D\000e\000s\000c\000r\000i\000p\000c\000i\000\363\000n\000\040\000d\000e\000\040\000l\000a\000\040\000s\000i\000t\000u\000a\000c\000i\000\363\000n\000\040\000p\000r\000o\000b\000l\000e\000m\000\341\000t\000i\000c\000a\000\040}{}% 3
\BOOKMARK [1][-]{chapter*.1}{\376\377\000F\000o\000r\000m\000u\000l\000a\000c\000i\000\363\000n\000\040\000d\000e\000l\000\040\000p\000r\000o\000b\000l\000e\000m\000a\000\040}{}% 4
\BOOKMARK [1][-]{chapter*.1}{\376\377\000O\000b\000j\000e\000t\000i\000v\000o\000s\000\040\000d\000e\000\040\000i\000n\000v\000e\000s\000t\000i\000g\000a\000c\000i\000\363\000n\000\040}{}% 5
\BOOKMARK [1][-]{chapter*.1}{\376\377\000J\000u\000s\000t\000i\000f\000i\000c\000a\000c\000i\000\363\000n\000\040}{}% 6
\BOOKMARK [1][-]{chapter*.1}{\376\377\000A\000l\000c\000a\000n\000c\000e\000\040\000y\000\040\000l\000i\000m\000i\000t\000a\000c\000i\000o\000n\000e\000s\000\040\000/\000\040\000r\000e\000s\000t\000r\000i\000c\000c\000i\000o\000n\000e\000s\000\040}{}% 7
\BOOKMARK [0][-]{chapter.2}{\376\377\000I\000\040\000R\000E\000V\000I\000S\000I\000\323\000N\000\040\000C\000R\000\315\000T\000I\000C\000A\000\040\000D\000E\000\040\000L\000A\000\040\000L\000I\000T\000E\000R\000A\000T\000U\000R\000A}{}% 8
\BOOKMARK [1][-]{section.3}{\376\377\0001\000.\0001\000\040\000E\000m\000p\000r\000e\000s\000a\000s\000\040\000q\000u\000e\000\040\000g\000e\000n\000e\000r\000a\000\040\000s\000o\000l\000u\000c\000i\000o\000n\000e\000s\000\040\000e\000n\000\040\000a\000c\000u\000i\000c\000u\000l\000t\000u\000r\000a}{chapter.2}% 9
\BOOKMARK [2][-]{subsection.4}{\376\377\0001\000.\0001\000.\0001\000\040\000I\000n\000s\000p\000e\000c\000c\000i\000\363\000n\000\040\000d\000e\000\040\000r\000e\000d\000e\000s\000\040\000y\000\040\000s\000i\000s\000t\000e\000m\000a\000s\000\040\000d\000e\000\040\000a\000m\000a\000r\000r\000e}{section.3}% 10
\BOOKMARK [2][-]{subsection.7}{\376\377\0001\000.\0001\000.\0002\000\040\000L\000i\000m\000p\000i\000e\000z\000a\000\040\000d\000e\000\040\000r\000e\000d\000e\000s}{section.3}% 11
\BOOKMARK [1][-]{section.8}{\376\377\0001\000.\0002\000\040\000M\000\351\000t\000o\000d\000o\000s\000\040\000d\000e\000\040\000v\000i\000s\000i\000\363\000n\000\040\000c\000o\000m\000p\000u\000t\000a\000c\000i\000o\000n\000a\000l}{chapter.2}% 12
\BOOKMARK [2][-]{subsection.9}{\376\377\0001\000.\0002\000.\0001\000\040\000P\000a\000r\000a\000\040\000d\000e\000t\000e\000c\000c\000i\000\363\000n\000\040\000d\000e\000\040\000h\000u\000e\000c\000o\000s}{section.8}% 13
\BOOKMARK [0][-]{chapter.14}{\376\377\000I\000I\000\040\000M\000A\000R\000C\000O\000\040\000T\000E\000\323\000R\000I\000C\000O}{}% 14
\BOOKMARK [1][-]{section.15}{\376\377\0002\000.\0001\000\040\000A\000p\000r\000e\000n\000d\000i\000z\000a\000j\000e\000\040\000P\000r\000o\000f\000u\000n\000d\000o\000\040\000\050\000D\000e\000e\000p\000\040\000L\000e\000a\000r\000n\000i\000n\000g\000\051}{chapter.14}% 15
\BOOKMARK [2][-]{subsection.16}{\376\377\0002\000.\0001\000.\0001\000\040\000M\000a\000s\000k\000\040\000R\000-\000C\000N\000N}{section.15}% 16
\BOOKMARK [2][-]{subsection.18}{\376\377\0002\000.\0001\000.\0002\000\040\000R\000e\000s\000N\000E\000T\000-\0001\0000\0001\000,\000\040\000R\000F\000P\000\040\000y\000\040\000D\000C\000N}{section.15}% 17
\BOOKMARK [1][-]{section.19}{\376\377\0002\000.\0002\000\040\000V\000i\000s\000i\000\363\000n\000\040\000p\000o\000r\000\040\000C\000o\000m\000p\000u\000t\000a\000d\000o\000r\000a\000\040\000o\000\040\000C\000o\000m\000p\000u\000t\000e\000r\000\040\000v\000i\000s\000i\000o\000n}{chapter.14}% 18
\BOOKMARK [2][-]{subsection.20}{\376\377\0002\000.\0002\000.\0001\000\040\000M\000\351\000t\000o\000d\000o\000\040\000d\000e\000\040\000O\000t\000s\000u}{section.19}% 19
\BOOKMARK [2][-]{subsection.21}{\376\377\0002\000.\0002\000.\0002\000\040\000H\000i\000s\000t\000o\000g\000r\000a\000m\000a\000\040\000d\000e\000\040\000G\000r\000a\000d\000i\000e\000n\000t\000e\000s\000\040\000O\000r\000i\000e\000n\000t\000a\000d\000o\000s\000\040\000\050\000H\000O\000G\000\051}{section.19}% 20
\BOOKMARK [1][-]{section.22}{\376\377\0002\000.\0003\000\040\000S\000L\000A\000M\000\040\000V\000i\000s\000u\000a\000l\000-\000I\000n\000e\000r\000c\000i\000a\000l\000-\000P\000r\000e\000s\000i\000\363\000n}{chapter.14}% 21
\BOOKMARK [0][-]{chapter.23}{\376\377\000I\000I\000I\000\040\000M\000A\000R\000C\000O\000\040\000M\000E\000T\000O\000D\000O\000L\000\323\000G\000I\000C\000O}{}% 22
\BOOKMARK [1][-]{section.24}{\376\377\0003\000.\0001\000\040\000D\000e\000s\000a\000r\000r\000o\000l\000l\000o\000\040\000d\000e\000l\000\040\000a\000l\000g\000o\000r\000i\000t\000m\000o\000\040\000d\000e\000\040\000D\000e\000e\000p\000\040\000L\000e\000a\000r\000n\000i\000n\000g}{chapter.23}% 23
\BOOKMARK [1][-]{section.25}{\376\377\0003\000.\0002\000\040\000A\000p\000l\000i\000c\000a\000c\000i\000\363\000n\000\040\000d\000e\000\040\000t\000\351\000c\000n\000i\000c\000a\000s\000\040\000d\000e\000\040\000p\000r\000o\000c\000e\000s\000a\000m\000i\000e\000n\000t\000o\000\040\000d\000e\000\040\000i\000m\000\341\000g\000e\000n\000e\000s}{chapter.23}% 24
\BOOKMARK [1][-]{section.26}{\376\377\0003\000.\0003\000\040\000I\000m\000p\000l\000e\000m\000e\000n\000t\000a\000c\000i\000\363\000n\000\040\000d\000e\000l\000\040\000S\000L\000A\000M\000\040\000v\000i\000s\000u\000a\000l\000-\000i\000n\000e\000r\000c\000i\000a\000l\000-\000p\000r\000e\000s\000i\000\363\000n}{chapter.23}% 25
\BOOKMARK [1][-]{chapter*.28}{\376\377\000A\000N\000E\000X\000O\000S}{chapter.23}% 26
